Signaling/Android/Signalling/app/build/outputs/logs/manifest-merger-debug-report.txt
-- Merging decision tree log ---
manifest
ADDED from src/main/AndroidManifest.xml:2:1-106:12
INJECTED from src/main/AndroidManifest.xml:2:1-106:12
INJECTED from src/main/AndroidManifest.xml:2:1-106:12
INJECTED from src/main/AndroidManifest.xml:2:1-106:12
MERGED from [com.netease.nimlib:basesdk:6.5.0] AndroidManifest.xml:2:1-63:12
MERGED from [com.netease.nimlib:avsignalling:6.5.0] AndroidManifest.xml:2:1-11:12
MERGED from [com.android.support:appcompat-v7:28.0.0] AndroidManifest.xml:17:1-22:12
MERGED from [com.android.support.constraint:constraint-layout:1.1.3] AndroidManifest.xml:2:1-11:12
MERGED from [com.android.support:recyclerview-v7:28.0.0] AndroidManifest.xml:17:1-22:12
MERGED from [com.android.support:support-fragment:28.0.0] AndroidManifest.xml:17:1-22:12
MERGED from [com.android.support:animated-vector-drawable:28.0.0] AndroidManifest.xml:17:1-22:12
MERGED from [com.android.support:support-core-ui:28.0.0] AndroidManifest.xml:17:1-22:12
MERGED from [com.android.support:support-core-utils:28.0.0] AndroidManifest.xml:17:1-22:12
MERGED from [com.android.support:support-vector-drawable:28.0.0] AndroidManifest.xml:17:1-22:12
MERGED from [com.android.support:loader:28.0.0] AndroidManifest.xml:17:1-22:12
MERGED from [com.android.support:viewpager:28.0.0] AndroidManifest.xml:17:1-22:12
MERGED from [com.android.support:coordinatorlayout:28.0.0] AndroidManifest.xml:17:1-22:12
MERGED from [com.android.support:drawerlayout:28.0.0] AndroidManifest.xml:17:1-22:12
MERGED from [com.android.support:slidingpanelayout:28.0.0] AndroidManifest.xml:17:1-22:12
MERGED from [com.android.support:customview:28.0.0] AndroidManifest.xml:17:1-22:12
MERGED from [com.android.support:swiperefreshlayout:28.0.0] AndroidManifest.xml:17:1-22:12
MERGED from [com.android.support:asynclayoutinflater:28.0.0] AndroidManifest.xml:17:1-22:12
MERGED from [com.android.support:support-compat:28.0.0] AndroidManifest.xml:17:1-24:12
MERGED from [com.android.support:versionedparcelable:28.0.0] AndroidManifest.xml:17:1-25:12
MERGED from [com.android.support:cursoradapter:28.0.0] AndroidManifest.xml:17:1-22:12
MERGED from [android.arch.lifecycle:runtime:1.1.1] AndroidManifest.xml:17:1-22:12
MERGED from [com.android.support:documentfile:28.0.0] AndroidManifest.xml:17:1-22:12
MERGED from [com.android.support:localbroadcastmanager:28.0.0] AndroidManifest.xml:17:1-22:12
MERGED from [com.android.support:print:28.0.0] AndroidManifest.xml:17:1-22:12
MERGED from [android.arch.lifecycle:viewmodel:1.1.1] AndroidManifest.xml:17:1-22:12
MERGED from [com.android.support:interpolator:28.0.0] AndroidManifest.xml:17:1-22:12
MERGED from [android.arch.lifecycle:livedata:1.1.1] AndroidManifest.xml:17:1-22:12
MERGED from [android.arch.lifecycle:livedata-core:1.1.1] AndroidManifest.xml:17:1-22:12
MERGED from [android.arch.core:runtime:1.1.1] AndroidManifest.xml:17:1-22:12
INJECTED from src/main/AndroidManifest.xml:2:1-106:12
INJECTED from src/main/AndroidManifest.xml:2:1-106:12
INJECTED from src/main/AndroidManifest.xml:2:1-106:12
	package
		ADDED from src/main/AndroidManifest.xml:3:5-42
		INJECTED from src/main/AndroidManifest.xml
		INJECTED from src/main/AndroidManifest.xml
	android:versionName
		INJECTED from src/main/AndroidManifest.xml
		ADDED from src/main/AndroidManifest.xml:2:1-106:12
		INJECTED from src/main/AndroidManifest.xml
	android:versionCode
		INJECTED from src/main/AndroidManifest.xml
		ADDED from src/main/AndroidManifest.xml:2:1-106:12
		INJECTED from src/main/AndroidManifest.xml
	xmlns:android
		ADDED from src/main/AndroidManifest.xml:2:11-69
uses-permission#android.permission.INTERNET
ADDED from src/main/AndroidManifest.xml:7:5-67
MERGED from [com.netease.nimlib:basesdk:6.5.0] AndroidManifest.xml:14:5-67
MERGED from [com.netease.nimlib:basesdk:6.5.0] AndroidManifest.xml:14:5-67
	android:name
		ADDED from src/main/AndroidManifest.xml:7:22-64
uses-permission#android.permission.ACCESS_NETWORK_STATE
ADDED from src/main/AndroidManifest.xml:8:5-79
MERGED from [com.netease.nimlib:basesdk:6.5.0] AndroidManifest.xml:15:5-79
MERGED from [com.netease.nimlib:basesdk:6.5.0] AndroidManifest.xml:15:5-79
	android:name
		ADDED from src/main/AndroidManifest.xml:8:22-76
uses-permission#android.permission.ACCESS_WIFI_STATE
ADDED from src/main/AndroidManifest.xml:9:5-76
MERGED from [com.netease.nimlib:basesdk:6.5.0] AndroidManifest.xml:16:5-76
MERGED from [com.netease.nimlib:basesdk:6.5.0] AndroidManifest.xml:16:5-76
	android:name
		ADDED from src/main/AndroidManifest.xml:9:22-73
uses-permission#android.permission.READ_EXTERNAL_STORAGE
ADDED from src/main/AndroidManifest.xml:12:5-80
MERGED from [com.netease.nimlib:basesdk:6.5.0] AndroidManifest.xml:23:5-80
MERGED from [com.netease.nimlib:basesdk:6.5.0] AndroidManifest.xml:23:5-80
	android:name
		ADDED from src/main/AndroidManifest.xml:12:22-77
uses-permission#android.permission.WRITE_EXTERNAL_STORAGE
ADDED from src/main/AndroidManifest.xml:13:5-81
MERGED from [com.netease.nimlib:basesdk:6.5.0] AndroidManifest.xml:24:5-81
MERGED from [com.netease.nimlib:basesdk:6.5.0] AndroidManifest.xml:24:5-81
	android:name
		ADDED from src/main/AndroidManifest.xml:13:22-78
uses-permission#android.permission.CAMERA
ADDED from src/main/AndroidManifest.xml:17:5-65
	android:name
		ADDED from src/main/AndroidManifest.xml:17:22-62
uses-permission#android.permission.RECORD_AUDIO
ADDED from src/main/AndroidManifest.xml:18:5-71
	android:name
		ADDED from src/main/AndroidManifest.xml:18:22-68
uses-permission#android.permission.READ_PHONE_STATE
ADDED from src/main/AndroidManifest.xml:19:5-75
	android:name
		ADDED from src/main/AndroidManifest.xml:19:22-72
permission#com.netease.signalling.demo.permission.RECEIVE_MSG
ADDED from src/main/AndroidManifest.xml:24:5-26:47
	android:protectionLevel
		ADDED from src/main/AndroidManifest.xml:26:9-44
	android:name
		ADDED from src/main/AndroidManifest.xml:25:9-74
uses-permission#com.netease.signalling.demo.permission.RECEIVE_MSG
ADDED from src/main/AndroidManifest.xml:29:5-90
	android:name
		ADDED from src/main/AndroidManifest.xml:29:22-87
application
ADDED from src/main/AndroidManifest.xml:31:5-104:19
MERGED from [com.netease.nimlib:basesdk:6.5.0] AndroidManifest.xml:26:5-61:19
MERGED from [com.netease.nimlib:basesdk:6.5.0] AndroidManifest.xml:26:5-61:19
MERGED from [com.android.support.constraint:constraint-layout:1.1.3] AndroidManifest.xml:9:5-20
MERGED from [com.android.support.constraint:constraint-layout:1.1.3] AndroidManifest.xml:9:5-20
MERGED from [com.android.support:support-compat:28.0.0] AndroidManifest.xml:22:5-94
MERGED from [com.android.support:support-compat:28.0.0] AndroidManifest.xml:22:5-94
MERGED from [com.android.support:versionedparcelable:28.0.0] AndroidManifest.xml:22:5-23:19
MERGED from [com.android.support:versionedparcelable:28.0.0] AndroidManifest.xml:22:5-23:19
	android:appComponentFactory
		ADDED from [com.android.support:support-compat:28.0.0] AndroidManifest.xml:22:18-91
	android:supportsRtl
		ADDED from src/main/AndroidManifest.xml:36:9-35
	android:label
		ADDED from src/main/AndroidManifest.xml:35:9-41
	android:testOnly
		ADDED from src/main/AndroidManifest.xml:37:9-33
	android:icon
		ADDED from src/main/AndroidManifest.xml:34:9-41
	android:allowBackup
		ADDED from src/main/AndroidManifest.xml:33:9-35
	android:theme
		ADDED from src/main/AndroidManifest.xml:39:9-40
	android:networkSecurityConfig
		ADDED from src/main/AndroidManifest.xml:38:9-69
	android:name
		ADDED from src/main/AndroidManifest.xml:32:9-44
activity#com.netease.signalling.demo.activity.LoginActivity
ADDED from src/main/AndroidManifest.xml:40:9-48:20
	android:screenOrientation
		ADDED from src/main/AndroidManifest.xml:42:13-49
	android:name
		ADDED from src/main/AndroidManifest.xml:41:13-51
intent-filter#action:name:android.intent.action.MAIN+category:name:android.intent.category.LAUNCHER
ADDED from src/main/AndroidManifest.xml:43:13-47:29
action#android.intent.action.MAIN
ADDED from src/main/AndroidManifest.xml:44:17-69
	android:name
		ADDED from src/main/AndroidManifest.xml:44:25-66
category#android.intent.category.LAUNCHER
ADDED from src/main/AndroidManifest.xml:46:17-77
	android:name
		ADDED from src/main/AndroidManifest.xml:46:27-74
activity#com.netease.signalling.demo.activity.MainActivity
ADDED from src/main/AndroidManifest.xml:50:9-52:52
	android:screenOrientation
		ADDED from src/main/AndroidManifest.xml:52:13-49
	android:name
		ADDED from src/main/AndroidManifest.xml:51:13-50
activity#com.netease.signalling.demo.activity.RoomActivity
ADDED from src/main/AndroidManifest.xml:53:9-55:52
	android:screenOrientation
		ADDED from src/main/AndroidManifest.xml:55:13-49
	android:name
		ADDED from src/main/AndroidManifest.xml:54:13-50
meta-data#com.netease.nim.appKey
ADDED from src/main/AndroidManifest.xml:58:9-60:64
	android:value
		ADDED from src/main/AndroidManifest.xml:60:13-61
	android:name
		ADDED from src/main/AndroidManifest.xml:59:13-50
service#com.netease.nimlib.service.NimService
ADDED from src/main/AndroidManifest.xml:64:9-66:39
MERGED from [com.netease.nimlib:basesdk:6.5.0] AndroidManifest.xml:29:9-31:39
MERGED from [com.netease.nimlib:basesdk:6.5.0] AndroidManifest.xml:29:9-31:39
	android:process
		ADDED from src/main/AndroidManifest.xml:66:13-36
	android:name
		ADDED from src/main/AndroidManifest.xml:65:13-65
service#com.netease.nimlib.service.NimService$Aux
ADDED from src/main/AndroidManifest.xml:69:9-71:39
MERGED from [com.netease.nimlib:basesdk:6.5.0] AndroidManifest.xml:34:9-36:39
MERGED from [com.netease.nimlib:basesdk:6.5.0] AndroidManifest.xml:34:9-36:39
	android:process
		ADDED from src/main/AndroidManifest.xml:71:13-36
	android:name
		ADDED from src/main/AndroidManifest.xml:70:13-69
service#com.netease.nimlib.job.NIMJobService
ADDED from src/main/AndroidManifest.xml:74:9-78:39
MERGED from [com.netease.nimlib:basesdk:6.5.0] AndroidManifest.xml:39:9-43:39
MERGED from [com.netease.nimlib:basesdk:6.5.0] AndroidManifest.xml:39:9-43:39
	android:process
		ADDED from src/main/AndroidManifest.xml:78:13-36
	android:exported
		ADDED from src/main/AndroidManifest.xml:76:13-36
	android:permission
		ADDED from src/main/AndroidManifest.xml:77:13-69
	android:name
		ADDED from src/main/AndroidManifest.xml:75:13-64
receiver#com.netease.nimlib.service.NimReceiver
ADDED from src/main/AndroidManifest.xml:81:9-89:20
MERGED from [com.netease.nimlib:basesdk:6.5.0] AndroidManifest.xml:46:9-54:20
MERGED from [com.netease.nimlib:basesdk:6.5.0] AndroidManifest.xml:46:9-54:20
	android:process
		ADDED from src/main/AndroidManifest.xml:84:13-36
	android:exported
		ADDED from src/main/AndroidManifest.xml:83:13-37
	android:name
		ADDED from src/main/AndroidManifest.xml:82:13-66
intent-filter#action:name:android.intent.action.BOOT_COMPLETED+action:name:android.net.conn.CONNECTIVITY_CHANGE
ADDED from src/main/AndroidManifest.xml:85:13-88:29
action#android.intent.action.BOOT_COMPLETED
ADDED from src/main/AndroidManifest.xml:86:17-79
	android:name
		ADDED from src/main/AndroidManifest.xml:86:25-76
action#android.net.conn.CONNECTIVITY_CHANGE
ADDED from src/main/AndroidManifest.xml:87:17-79
	android:name
		ADDED from src/main/AndroidManifest.xml:87:25-76
receiver#com.netease.nimlib.service.ResponseReceiver
ADDED from src/main/AndroidManifest.xml:92:9-80
MERGED from [com.netease.nimlib:basesdk:6.5.0] AndroidManifest.xml:57:9-80
MERGED from [com.netease.nimlib:basesdk:6.5.0] AndroidManifest.xml:57:9-80
	android:name
		ADDED from src/main/AndroidManifest.xml:92:19-77
service#com.netease.nimlib.service.ResponseService
ADDED from src/main/AndroidManifest.xml:95:9-78
MERGED from [com.netease.nimlib:basesdk:6.5.0] AndroidManifest.xml:60:9-78
MERGED from [com.netease.nimlib:basesdk:6.5.0] AndroidManifest.xml:60:9-78
	android:name
		ADDED from src/main/AndroidManifest.xml:95:18-75
provider#com.netease.nimlib.ipc.NIMContentProvider
ADDED from src/main/AndroidManifest.xml:99:9-103:39
	android:process
		ADDED from src/main/AndroidManifest.xml:103:13-36
	android:authorities
		ADDED from src/main/AndroidManifest.xml:101:13-75
	android:exported
		ADDED from src/main/AndroidManifest.xml:102:13-37
	android:name
		ADDED from src/main/AndroidManifest.xml:100:13-69
uses-sdk
INJECTED from src/main/AndroidManifest.xml reason: use-sdk injection requested
INJECTED from src/main/AndroidManifest.xml
INJECTED from src/main/AndroidManifest.xml
MERGED from [com.netease.nimlib:basesdk:6.5.0] AndroidManifest.xml:8:5-11:91
MERGED from [com.netease.nimlib:basesdk:6.5.0] AndroidManifest.xml:8:5-11:91
MERGED from [com.netease.nimlib:avsignalling:6.5.0] AndroidManifest.xml:7:5-9:41
MERGED from [com.netease.nimlib:avsignalling:6.5.0] AndroidManifest.xml:7:5-9:41
MERGED from [com.android.support:appcompat-v7:28.0.0] AndroidManifest.xml:20:5-44
MERGED from [com.android.support:appcompat-v7:28.0.0] AndroidManifest.xml:20:5-44
MERGED from [com.android.support.constraint:constraint-layout:1.1.3] AndroidManifest.xml:5:5-7:41
MERGED from [com.android.support.constraint:constraint-layout:1.1.3] AndroidManifest.xml:5:5-7:41
MERGED from [com.android.support:recyclerview-v7:28.0.0] AndroidManifest.xml:20:5-44
MERGED from [com.android.support:recyclerview-v7:28.0.0] AndroidManifest.xml:20:5-44
MERGED from [com.android.support:support-fragment:28.0.0] AndroidManifest.xml:20:5-44
MERGED from [com.android.support:support-fragment:28.0.0] AndroidManifest.xml:20:5-44
MERGED from [com.android.support:animated-vector-drawable:28.0.0] AndroidManifest.xml:20:5-44
MERGED from [com.android.support:animated-vector-drawable:28.0.0] AndroidManifest.xml:20:5-44
MERGED from [com.android.support:support-core-ui:28.0.0] AndroidManifest.xml:20:5-44
MERGED from [com.android.support:support-core-ui:28.0.0] AndroidManifest.xml:20:5-44
MERGED from [com.android.support:support-core-utils:28.0.0] AndroidManifest.xml:20:5-44
MERGED from [com.android.support:support-core-utils:28.0.0] AndroidManifest.xml:20:5-44
MERGED from [com.android.support:support-vector-drawable:28.0.0] AndroidManifest.xml:20:5-44
MERGED from [com.android.support:support-vector-drawable:28.0.0] AndroidManifest.xml:20:5-44
MERGED from [com.android.support:loader:28.0.0] AndroidManifest.xml:20:5-44
MERGED from [com.android.support:loader:28.0.0] AndroidManifest.xml:20:5-44
MERGED from [com.android.support:viewpager:28.0.0] AndroidManifest.xml:20:5-44
MERGED from [com.android.support:viewpager:28.0.0] AndroidManifest.xml:20:5-44
MERGED from [com.android.support:coordinatorlayout:28.0.0] AndroidManifest.xml:20:5-44
MERGED from [com.android.support:coordinatorlayout:28.0.0] AndroidManifest.xml:20:5-44
MERGED from [com.android.support:drawerlayout:28.0.0] AndroidManifest.xml:20:5-44
MERGED from [com.android.support:drawerlayout:28.0.0] AndroidManifest.xml:20:5-44
MERGED from [com.android.support:slidingpanelayout:28.0.0] AndroidManifest.xml:20:5-44
MERGED from [com.android.support:slidingpanelayout:28.0.0] AndroidManifest.xml:20:5-44
MERGED from [com.android.support:customview:28.0.0] AndroidManifest.xml:20:5-44
MERGED from [com.android.support:customview:28.0.0] AndroidManifest.xml:20:5-44
MERGED from [com.android.support:swiperefreshlayout:28.0.0] AndroidManifest.xml:20:5-44
MERGED from [com.android.support:swiperefreshlayout:28.0.0] AndroidManifest.xml:20:5-44
MERGED from [com.android.support:asynclayoutinflater:28.0.0] AndroidManifest.xml:20:5-44
MERGED from [com.android.support:asynclayoutinflater:28.0.0] AndroidManifest.xml:20:5-44
MERGED from [com.android.support:support-compat:28.0.0] AndroidManifest.xml:20:5-44
MERGED from [com.android.support:support-compat:28.0.0] AndroidManifest.xml:20:5-44
MERGED from [com.android.support:versionedparcelable:28.0.0] AndroidManifest.xml:20:5-44
MERGED from [com.android.support:versionedparcelable:28.0.0] AndroidManifest.xml:20:5-44
MERGED from [com.android.support:cursoradapter:28.0.0] AndroidManifest.xml:20:5-44
MERGED from [com.android.support:cursoradapter:28.0.0] AndroidManifest.xml:20:5-44
MERGED from [android.arch.lifecycle:runtime:1.1.1] AndroidManifest.xml:20:5-44
MERGED from [android.arch.lifecycle:runtime:1.1.1] AndroidManifest.xml:20:5-44
MERGED from [com.android.support:documentfile:28.0.0] AndroidManifest.xml:20:5-44
MERGED from [com.android.support:documentfile:28.0.0] AndroidManifest.xml:20:5-44
MERGED from [com.android.support:localbroadcastmanager:28.0.0] AndroidManifest.xml:20:5-44
MERGED from [com.android.support:localbroadcastmanager:28.0.0] AndroidManifest.xml:20:5-44
MERGED from [com.android.support:print:28.0.0] AndroidManifest.xml:20:5-44
MERGED from [com.android.support:print:28.0.0] AndroidManifest.xml:20:5-44
MERGED from [android.arch.lifecycle:viewmodel:1.1.1] AndroidManifest.xml:20:5-44
MERGED from [android.arch.lifecycle:viewmodel:1.1.1] AndroidManifest.xml:20:5-44
MERGED from [com.android.support:interpolator:28.0.0] AndroidManifest.xml:20:5-44
MERGED from [com.android.support:interpolator:28.0.0] AndroidManifest.xml:20:5-44
MERGED from [android.arch.lifecycle:livedata:1.1.1] AndroidManifest.xml:20:5-44
MERGED from [android.arch.lifecycle:livedata:1.1.1] AndroidManifest.xml:20:5-44
MERGED from [android.arch.lifecycle:livedata-core:1.1.1] AndroidManifest.xml:20:5-44
MERGED from [android.arch.lifecycle:livedata-core:1.1.1] AndroidManifest.xml:20:5-44
MERGED from [android.arch.core:runtime:1.1.1] AndroidManifest.xml:20:5-44
MERGED from [android.arch.core:runtime:1.1.1] AndroidManifest.xml:20:5-44
INJECTED from src/main/AndroidManifest.xml
INJECTED from src/main/AndroidManifest.xml
	tools:overrideLibrary
		ADDED from [com.netease.nimlib:basesdk:6.5.0] AndroidManifest.xml:11:9-88
	android:targetSdkVersion
		INJECTED from src/main/AndroidManifest.xml
		ADDED from src/main/AndroidManifest.xml
		INJECTED from src/main/AndroidManifest.xml
	android:minSdkVersion
		INJECTED from src/main/AndroidManifest.xml
		ADDED from src/main/AndroidManifest.xml
		INJECTED from src/main/AndroidManifest.xml
uses-permission#android.permission.CHANGE_WIFI_STATE
ADDED from [com.netease.nimlib:basesdk:6.5.0] AndroidManifest.xml:17:5-76
	android:name
		ADDED from [com.netease.nimlib:basesdk:6.5.0] AndroidManifest.xml:17:22-73
uses-permission#android.permission.GET_TASKS
ADDED from [com.netease.nimlib:basesdk:6.5.0] AndroidManifest.xml:20:5-68
	android:name
		ADDED from [com.netease.nimlib:basesdk:6.5.0] AndroidManifest.xml:20:22-65